<?xml version="1.0" encoding="UTF-8"?>
<!-- Generated by org.testng.reporters.JUnitXMLReporter -->
<testsuite ignored="0" hostname="Suman" failures="0" tests="4" name="Test" time="51.838" errors="0" timestamp="2023-02-22T01:58:14 IST">
  <testcase classname="TrelloTestCases.AssessmentTask" name="createBoard" time="17.314"/>
  <testcase classname="TrelloTestCases.AssessmentTask" name="createList" time="12.706"/>
  <testcase classname="TrelloTestCases.AssessmentTask" name="createCard" time="1.344"/>
  <testcase classname="TrelloTestCases.AssessmentTask" name="moveCard" time="1.153"/>
</testsuite> <!-- Test -->
