<?xml version="1.0" encoding="UTF-8"?>
<testng-results ignored="0" total="4" passed="4" failed="0" skipped="0">
  <reporter-output>
  </reporter-output>
  <suite started-at="2023-02-22T01:57:22 IST" name="Trello WorkSpace" finished-at="2023-02-22T01:58:14 IST" duration-ms="51838">
    <groups>
    </groups>
    <test started-at="2023-02-22T01:57:22 IST" name="Test" finished-at="2023-02-22T01:58:14 IST" duration-ms="51838">
      <class name="TrelloTestCases.AssessmentTask">
        <test-method is-config="true" signature="setUp()[pri:0, instance:TrelloTestCases.AssessmentTask@770b3be0]" started-at="2023-02-22T01:57:17 IST" name="setUp" finished-at="2023-02-22T01:57:22 IST" duration-ms="5802" status="PASS">
          <reporter-output>
          </reporter-output>
        </test-method> <!-- setUp -->
        <test-method is-config="true" signature="Login()[pri:0, instance:TrelloTestCases.AssessmentTask@770b3be0]" started-at="2023-02-22T01:57:22 IST" name="Login" finished-at="2023-02-22T01:57:36 IST" duration-ms="13193" status="PASS">
          <reporter-output>
          </reporter-output>
        </test-method> <!-- Login -->
        <test-method signature="createBoard()[pri:1, instance:TrelloTestCases.AssessmentTask@770b3be0]" started-at="2023-02-22T01:57:36 IST" name="createBoard" finished-at="2023-02-22T01:57:53 IST" duration-ms="17314" status="PASS">
          <reporter-output>
          </reporter-output>
        </test-method> <!-- createBoard -->
        <test-method signature="createList()[pri:2, instance:TrelloTestCases.AssessmentTask@770b3be0]" started-at="2023-02-22T01:57:53 IST" name="createList" finished-at="2023-02-22T01:58:06 IST" duration-ms="12706" status="PASS">
          <reporter-output>
          </reporter-output>
        </test-method> <!-- createList -->
        <test-method signature="createCard()[pri:3, instance:TrelloTestCases.AssessmentTask@770b3be0]" started-at="2023-02-22T01:58:06 IST" name="createCard" finished-at="2023-02-22T01:58:07 IST" duration-ms="1344" status="PASS">
          <reporter-output>
          </reporter-output>
        </test-method> <!-- createCard -->
        <test-method signature="moveCard()[pri:4, instance:TrelloTestCases.AssessmentTask@770b3be0]" started-at="2023-02-22T01:58:07 IST" name="moveCard" finished-at="2023-02-22T01:58:08 IST" duration-ms="1153" status="PASS">
          <reporter-output>
          </reporter-output>
        </test-method> <!-- moveCard -->
        <test-method is-config="true" signature="LogOut()[pri:0, instance:TrelloTestCases.AssessmentTask@770b3be0]" started-at="2023-02-22T01:58:08 IST" name="LogOut" finished-at="2023-02-22T01:58:14 IST" duration-ms="5815" status="PASS">
          <reporter-output>
          </reporter-output>
        </test-method> <!-- LogOut -->
        <test-method is-config="true" signature="tearDown()[pri:0, instance:TrelloTestCases.AssessmentTask@770b3be0]" started-at="2023-02-22T01:58:14 IST" name="tearDown" finished-at="2023-02-22T01:58:17 IST" duration-ms="2699" status="PASS">
          <reporter-output>
          </reporter-output>
        </test-method> <!-- tearDown -->
      </class> <!-- TrelloTestCases.AssessmentTask -->
    </test> <!-- Test -->
  </suite> <!-- Trello WorkSpace -->
</testng-results>
