<?xml version="1.0" encoding="UTF-8"?>
<testng-results ignored="0" total="4" passed="4" failed="0" skipped="0">
  <reporter-output>
  </reporter-output>
  <suite started-at="2023-02-22T02:43:06 IST" name="Default suite" finished-at="2023-02-22T02:44:00 IST" duration-ms="53738">
    <groups>
    </groups>
    <test started-at="2023-02-22T02:43:06 IST" name="Default test" finished-at="2023-02-22T02:44:00 IST" duration-ms="53738">
      <class name="TrelloTestCases.AssessmentTask">
        <test-method is-config="true" signature="setUp()[pri:0, instance:TrelloTestCases.AssessmentTask@51dbd6e4]" started-at="2023-02-22T02:42:58 IST" name="setUp" finished-at="2023-02-22T02:43:06 IST" duration-ms="8220" status="PASS">
          <reporter-output>
          </reporter-output>
        </test-method> <!-- setUp -->
        <test-method is-config="true" signature="Login()[pri:0, instance:TrelloTestCases.AssessmentTask@51dbd6e4]" started-at="2023-02-22T02:43:06 IST" name="Login" finished-at="2023-02-22T02:43:20 IST" duration-ms="13887" status="PASS">
          <reporter-output>
          </reporter-output>
        </test-method> <!-- Login -->
        <test-method signature="createBoard()[pri:1, instance:TrelloTestCases.AssessmentTask@51dbd6e4]" started-at="2023-02-22T02:43:20 IST" name="createBoard" finished-at="2023-02-22T02:43:38 IST" duration-ms="17538" status="PASS">
          <reporter-output>
          </reporter-output>
        </test-method> <!-- createBoard -->
        <test-method signature="createList()[pri:2, instance:TrelloTestCases.AssessmentTask@51dbd6e4]" started-at="2023-02-22T02:43:38 IST" name="createList" finished-at="2023-02-22T02:43:50 IST" duration-ms="12685" status="PASS">
          <reporter-output>
          </reporter-output>
        </test-method> <!-- createList -->
        <test-method signature="createCard()[pri:3, instance:TrelloTestCases.AssessmentTask@51dbd6e4]" started-at="2023-02-22T02:43:50 IST" name="createCard" finished-at="2023-02-22T02:43:52 IST" duration-ms="1470" status="PASS">
          <reporter-output>
          </reporter-output>
        </test-method> <!-- createCard -->
        <test-method signature="moveCard()[pri:4, instance:TrelloTestCases.AssessmentTask@51dbd6e4]" started-at="2023-02-22T02:43:52 IST" name="moveCard" finished-at="2023-02-22T02:43:53 IST" duration-ms="1245" status="PASS">
          <reporter-output>
          </reporter-output>
        </test-method> <!-- moveCard -->
        <test-method is-config="true" signature="LogOut()[pri:0, instance:TrelloTestCases.AssessmentTask@51dbd6e4]" started-at="2023-02-22T02:43:53 IST" name="LogOut" finished-at="2023-02-22T02:44:00 IST" duration-ms="6741" status="PASS">
          <reporter-output>
          </reporter-output>
        </test-method> <!-- LogOut -->
        <test-method is-config="true" signature="tearDown()[pri:0, instance:TrelloTestCases.AssessmentTask@51dbd6e4]" started-at="2023-02-22T02:44:00 IST" name="tearDown" finished-at="2023-02-22T02:44:01 IST" duration-ms="1151" status="PASS">
          <reporter-output>
          </reporter-output>
        </test-method> <!-- tearDown -->
      </class> <!-- TrelloTestCases.AssessmentTask -->
    </test> <!-- Default test -->
  </suite> <!-- Default suite -->
</testng-results>
