<?xml version="1.0" encoding="UTF-8"?>
<!-- Generated by org.testng.reporters.JUnitXMLReporter -->
<testsuite ignored="0" hostname="Suman" failures="0" tests="4" name="Default test" time="53.738" errors="0" timestamp="2023-02-22T02:44:00 IST">
  <testcase classname="TrelloTestCases.AssessmentTask" name="createBoard" time="17.538"/>
  <testcase classname="TrelloTestCases.AssessmentTask" name="createList" time="12.685"/>
  <testcase classname="TrelloTestCases.AssessmentTask" name="createCard" time="1.47"/>
  <testcase classname="TrelloTestCases.AssessmentTask" name="moveCard" time="1.245"/>
</testsuite> <!-- Default test -->
